[00:58:46] [main/INFO] (FabricLoader/GameProvider) Loading Minecraft 1.21.4 with Fabric Loader 0.16.10
[00:58:46] [main/INFO] (FabricLoader) Loading 58 mods:
	- fabric-api 0.115.0+1.21.4
	- fabric-api-base 0.4.54+b47eab6b04
	- fabric-api-lookup-api-v1 1.6.86+b1caf1e904
	- fabric-biome-api-v1 15.0.6+b1c29d8e04
	- fabric-block-api-v1 1.0.31+7feeb73304
	- fabric-block-view-api-v2 1.0.19+7feeb73304
	- fabric-blockrenderlayer-v1 2.0.8+7feeb73304
	- fabric-client-gametest-api-v1 3.2.0+a069796e04
	- fabric-client-tags-api-v1 1.1.29+20ea1e2304
	- fabric-command-api-v1 1.2.62+f71b366f04
	- fabric-command-api-v2 2.2.41+e496eb1504
	- fabric-commands-v0 0.2.79+df3654b304
	- fabric-content-registries-v0 9.1.16+7feeb73304
	- fabric-convention-tags-v1 2.1.14+7f945d5b04
	- fabric-convention-tags-v2 2.12.0+2f1398f104
	- fabric-crash-report-info-v1 0.3.6+7feeb73304
	- fabric-data-attachment-api-v1 1.5.1+8212661004
	- fabric-data-generation-api-v1 22.2.8+20ea1e2304
	- fabric-dimensions-v1 4.0.10+7feeb73304
	- fabric-entity-events-v1 2.0.13+1934821104
	- fabric-events-interaction-v0 4.0.3+a4eebcf004
	- fabric-game-rule-api-v1 1.0.63+7d48d43904
	- fabric-gametest-api-v1 2.0.23+7feeb73304
	- fabric-item-api-v1 11.1.16+203e6b2304
	- fabric-item-group-api-v1 4.1.25+9a56a7cd04
	- fabric-key-binding-api-v1 1.0.57+7d48d43904
	- fabric-keybindings-v0 0.2.55+df3654b304
	- fabric-lifecycle-events-v1 2.5.4+bf2a60eb04
	- fabric-loot-api-v2 3.0.35+3f89f5a504
	- fabric-loot-api-v3 1.0.23+203e6b2304
	- fabric-message-api-v1 6.0.25+7feeb73304
	- fabric-model-loading-api-v1 4.2.1+8041d50704
	- fabric-networking-api-v1 4.3.10+8998135104
	- fabric-object-builder-api-v1 18.0.10+7d48d43904
	- fabric-particles-v1 4.0.14+7feeb73304
	- fabric-recipe-api-v1 8.0.9+160b66fa04
	- fabric-registry-sync-v0 6.1.6+9a56a7cd04
	- fabric-renderer-api-v1 5.0.3+50f0feb204
	- fabric-renderer-indigo 2.0.3+50f0feb204
	- fabric-rendering-data-attachment-v1 0.3.57+73761d2e04
	- fabric-rendering-fluids-v1 3.1.19+7feeb73304
	- fabric-rendering-v1 10.1.2+b874120c04
	- fabric-resource-conditions-api-v1 5.0.13+203e6b2304
	- fabric-resource-loader-v0 3.0.13+9a56a7cd04
	- fabric-screen-api-v1 2.0.38+7feeb73304
	- fabric-screen-handler-api-v1 1.3.113+7feeb73304
	- fabric-sound-api-v1 1.0.32+7feeb73304
	- fabric-tag-api-v1 1.0.4+7d48d43904
	- fabric-transfer-api-v1 5.4.9+efa825c904
	- fabric-transitive-access-wideners-v1 6.3.2+56e78b9b04
	- fabricloader 0.16.10
	- fabricshieldlib 1.8.0-1.21.4
	- java 21
	- marvel 1.0-SNAPSHOT
	- midnightlib 1.6.6
	- minecraft 1.21.4
	- mixinextras 0.4.1
	- mm 2.3
[00:58:46] [main/INFO] (FabricLoader/Mixin) SpongePowered MIXIN Subsystem Version=0.8.7 Source=file:/C:/Users/Cyril%20BERRUYER/.gradle/caches/modules-2/files-2.1/net.fabricmc/sponge-mixin/0.15.4+mixin.0.8.7/6a12aacc794f1078458433116e9ed42c1cc98096/sponge-mixin-0.15.4+mixin.0.8.7.jar Service=Knot/Fabric Env=CLIENT
[00:58:47] [main/INFO] (FabricLoader/Mixin) Loaded Fabric development mappings for mixin remapper!
[00:58:47] [main/INFO] (FabricLoader/Mixin) Compatibility level set to JAVA_21
[00:58:48] [main/INFO] (FabricLoader/MixinExtras|Service) Initializing MixinExtras via com.llamalad7.mixinextras.service.MixinExtrasServiceImpl(version=0.4.1).
[00:58:49] [Datafixer Bootstrap/INFO] (Minecraft) 243 Datafixer optimizations took 349 milliseconds
[00:58:49] [main/WARN] (PerfDataUtil) Failed to update counter. Error code: 0x800007D5
[00:58:49] [main/INFO] (PerfCounterQuery) Disabling further attempts to query Paging File.
[00:58:53] [Render thread/INFO] (Minecraft) Environment: Environment[sessionHost=https://sessionserver.mojang.com, servicesHost=https://api.minecraftservices.com, name=PROD]
[00:58:53] [Render thread/INFO] (Minecraft) Setting user: Player706
[00:58:54] [Render thread/WARN] (fabricshieldlib) FABRIC SHIELD LIB DEVELOPMENT CODE RAN!!!, if you are not in a development environment this is very bad! Test items and test enchantments will be ingame!
[00:58:54] [Render thread/INFO] (fabricshieldlib) Fabric Shield Lib Initialized!
[00:58:54] [Render thread/INFO] (MM) Definitely not up to no good
[00:58:54] [Render thread/INFO] (marvel) 'marvel' mod is starting...
[00:58:54] [Render thread/INFO] (marvel) Registering Mod Items for 'marvel' mod...
[00:58:54] [Render thread/INFO] (marvel) Registering Mod Blocks for 'marvel' mod...
[00:58:54] [Render thread/INFO] (marvel) Registering Mod Item Groups for 'marvel' mod...
[00:58:54] [Render thread/WARN] (fabricshieldlib) FABRIC SHIELD LIB DEVELOPMENT CODE RAN!!!, if you are not in a development environment this is very bad! Client side banner code ran!
[00:58:54] [Render thread/INFO] (Indigo) [Indigo] Registering Indigo renderer!
[00:58:54] [Render thread/INFO] (Minecraft) Backend library: LWJGL version 3.3.3-snapshot
[00:58:55] [Render thread/INFO] (Minecraft) Reloading ResourceManager: vanilla, fabric, fabric-api, fabric-api-base, fabric-api-lookup-api-v1, fabric-biome-api-v1, fabric-block-api-v1, fabric-block-view-api-v2, fabric-blockrenderlayer-v1, fabric-client-gametest-api-v1, fabric-client-tags-api-v1, fabric-command-api-v1, fabric-command-api-v2, fabric-commands-v0, fabric-content-registries-v0, fabric-convention-tags-v1, fabric-convention-tags-v2, fabric-crash-report-info-v1, fabric-data-attachment-api-v1, fabric-data-generation-api-v1, fabric-dimensions-v1, fabric-entity-events-v1, fabric-events-interaction-v0, fabric-game-rule-api-v1, fabric-gametest-api-v1, fabric-item-api-v1, fabric-item-group-api-v1, fabric-key-binding-api-v1, fabric-keybindings-v0, fabric-lifecycle-events-v1, fabric-loot-api-v2, fabric-loot-api-v3, fabric-message-api-v1, fabric-model-loading-api-v1, fabric-networking-api-v1, fabric-object-builder-api-v1, fabric-particles-v1, fabric-recipe-api-v1, fabric-registry-sync-v0, fabric-renderer-api-v1, fabric-renderer-indigo, fabric-rendering-data-attachment-v1, fabric-rendering-fluids-v1, fabric-rendering-v1, fabric-resource-conditions-api-v1, fabric-resource-loader-v0, fabric-screen-api-v1, fabric-screen-handler-api-v1, fabric-sound-api-v1, fabric-tag-api-v1, fabric-transfer-api-v1, fabric-transitive-access-wideners-v1, fabricloader, fabricshieldlib, marvel, midnightlib, mm
[00:58:55] [Worker-Main-13/INFO] (Minecraft) Found unifont_jp_patch-16.0.01.hex, loading
[00:58:55] [Worker-Main-14/INFO] (Minecraft) Found unifont_all_no_pua-16.0.01.hex, loading
[00:58:56] [Render thread/INFO] (Minecraft) OpenAL initialized on device OpenAL Soft on Haut-parleurs (Realtek(R) Audio)
[00:58:56] [Render thread/INFO] (Minecraft) Sound engine started
[00:58:57] [Render thread/INFO] (Minecraft) Created: 2048x2048x4 minecraft:textures/atlas/blocks.png-atlas
[00:58:57] [Render thread/INFO] (Minecraft) Created: 256x256x4 minecraft:textures/atlas/signs.png-atlas
[00:58:57] [Render thread/INFO] (Minecraft) Created: 512x512x4 minecraft:textures/atlas/shield_patterns.png-atlas
[00:58:57] [Render thread/INFO] (Minecraft) Created: 512x512x4 minecraft:textures/atlas/banner_patterns.png-atlas
[00:58:57] [Render thread/INFO] (Minecraft) Created: 2048x1024x4 minecraft:textures/atlas/armor_trims.png-atlas
[00:58:57] [Render thread/INFO] (Minecraft) Created: 128x64x4 minecraft:textures/atlas/decorated_pot.png-atlas
[00:58:57] [Render thread/INFO] (Minecraft) Created: 256x256x4 minecraft:textures/atlas/chest.png-atlas
[00:58:57] [Render thread/INFO] (Minecraft) Created: 512x256x4 minecraft:textures/atlas/beds.png-atlas
[00:58:57] [Render thread/INFO] (Minecraft) Created: 512x256x4 minecraft:textures/atlas/shulker_boxes.png-atlas
[00:58:57] [Render thread/INFO] (Minecraft) Created: 64x64x0 minecraft:textures/atlas/map_decorations.png-atlas
[00:58:57] [Render thread/INFO] (Minecraft) Created: 512x256x0 minecraft:textures/atlas/particles.png-atlas
[00:58:57] [Render thread/INFO] (Minecraft) Created: 512x256x0 minecraft:textures/atlas/paintings.png-atlas
[00:58:57] [Render thread/INFO] (Minecraft) Created: 256x128x0 minecraft:textures/atlas/mob_effects.png-atlas
[00:58:57] [Render thread/INFO] (Minecraft) Created: 1024x512x0 minecraft:textures/atlas/gui.png-atlas
[00:59:01] [Render thread/INFO] (Minecraft) Loaded 1389 recipes
[00:59:01] [Render thread/INFO] (Minecraft) Loaded 1499 advancements
[00:59:01] [Render thread/INFO] (BiomeModificationImpl) Applied 59 biome modifications to 59 of 65 new biomes in 7.193 ms
[00:59:01] [Server thread/INFO] (Minecraft) Starting integrated minecraft server version 1.21.4
[00:59:01] [Server thread/INFO] (Minecraft) Generating keypair
[00:59:01] [Server thread/INFO] (Minecraft) Preparing start region for dimension minecraft:overworld
[00:59:02] [Render thread/INFO] (Minecraft) Preparing spawn area: 0%
[00:59:02] [Render thread/INFO] (Minecraft) Preparing spawn area: 0%
[00:59:02] [Render thread/INFO] (Minecraft) Time elapsed: 619 ms
[00:59:02] [Server thread/WARN] (TranslationConventionLogWarnings) 
	Dev warning - Untranslated Item Tags detected. Please translate your item tags so other mods such as recipe viewers can properly display your tag's name.
	The format desired is tag.item.<namespace>.<path> for the translation key with slashes in path turned into periods.
	To disable this message, set this system property in your runs: `-Dfabric-tag-conventions-v2.missingTagTranslationWarning=SILENCED`.
	To see individual untranslated item tags found, set the system property to `-Dfabric-tag-conventions-v2.missingTagTranslationWarning=VERBOSE`.
	Default is `SHORT`.

[00:59:02] [Server thread/INFO] (Minecraft) Changing view distance to 32, from 10
[00:59:02] [Server thread/INFO] (Minecraft) Changing simulation distance to 24, from 0
[00:59:03] [Server thread/INFO] (Minecraft) Player706[local:E:2181d1bb] logged in with entity id 6 at (39.38900120215798, 110.0, 143.97958050686051)
[00:59:03] [Server thread/INFO] (Minecraft) Player706 joined the game
[00:59:04] [Render thread/INFO] (Minecraft) Loaded 18 advancements
[00:59:18] [Server thread/INFO] (Minecraft) Saving and pausing game...
[00:59:18] [Server thread/INFO] (Minecraft) Saving chunks for level 'ServerLevel[marvel mod test]'/minecraft:overworld
[00:59:18] [Server thread/INFO] (Minecraft) Saving chunks for level 'ServerLevel[marvel mod test]'/minecraft:the_end
[00:59:18] [Server thread/INFO] (Minecraft) Saving chunks for level 'ServerLevel[marvel mod test]'/minecraft:the_nether
[00:59:19] [Server thread/INFO] (Minecraft) Player706 lost connection: Disconnected
[00:59:19] [Server thread/INFO] (Minecraft) Player706 left the game
[00:59:19] [Server thread/INFO] (Minecraft) Stopping singleplayer server as player logged out
[00:59:19] [Server thread/INFO] (Minecraft) Stopping server
[00:59:19] [Server thread/INFO] (Minecraft) Saving players
[00:59:19] [Server thread/INFO] (Minecraft) Saving worlds
[00:59:19] [Server thread/INFO] (Minecraft) Saving chunks for level 'ServerLevel[marvel mod test]'/minecraft:overworld
[00:59:19] [Server thread/INFO] (Minecraft) Saving chunks for level 'ServerLevel[marvel mod test]'/minecraft:the_end
[00:59:19] [Server thread/INFO] (Minecraft) Saving chunks for level 'ServerLevel[marvel mod test]'/minecraft:the_nether
[00:59:19] [Server thread/INFO] (Minecraft) ThreadedAnvilChunkStorage (marvel mod test): All chunks are saved
[00:59:19] [Server thread/INFO] (Minecraft) ThreadedAnvilChunkStorage (DIM1): All chunks are saved
[00:59:19] [Server thread/INFO] (Minecraft) ThreadedAnvilChunkStorage (DIM-1): All chunks are saved
[00:59:19] [Server thread/INFO] (Minecraft) ThreadedAnvilChunkStorage: All dimensions are saved
[00:59:21] [Render thread/INFO] (Minecraft) Stopping!
